{"total": {"lines":{"total":455,"covered":121,"skipped":0,"pct":26.59},"statements":{"total":479,"covered":125,"skipped":0,"pct":26.09},"functions":{"total":101,"covered":22,"skipped":0,"pct":21.78},"branches":{"total":340,"covered":106,"skipped":0,"pct":31.17},"branchesTrue":{"total":0,"covered":0,"skipped":0,"pct":"Unknown"}}
,"/home/runner/work/sdk/sdk/packages/sdk/src/api-key.ts": {"lines":{"total":7,"covered":7,"skipped":0,"pct":100},"functions":{"total":3,"covered":3,"skipped":0,"pct":100},"statements":{"total":7,"covered":7,"skipped":0,"pct":100},"branches":{"total":2,"covered":2,"skipped":0,"pct":100}}
,"/home/runner/work/sdk/sdk/packages/sdk/src/audit.ts": {"lines":{"total":21,"covered":20,"skipped":0,"pct":95.23},"functions":{"total":4,"covered":3,"skipped":0,"pct":75},"statements":{"total":23,"covered":22,"skipped":0,"pct":95.65},"branches":{"total":30,"covered":29,"skipped":0,"pct":96.66}}
,"/home/runner/work/sdk/sdk/packages/sdk/src/auth.ts": {"lines":{"total":18,"covered":18,"skipped":0,"pct":100},"functions":{"total":5,"covered":4,"skipped":0,"pct":80},"statements":{"total":19,"covered":19,"skipped":0,"pct":100},"branches":{"total":16,"covered":16,"skipped":0,"pct":100}}
,"/home/runner/work/sdk/sdk/packages/sdk/src/index.ts": {"lines":{"total":0,"covered":0,"skipped":0,"pct":0},"functions":{"total":0,"covered":0,"skipped":0,"pct":0},"statements":{"total":0,"covered":0,"skipped":0,"pct":0},"branches":{"total":0,"covered":0,"skipped":0,"pct":0}}
,"/home/runner/work/sdk/sdk/packages/sdk/src/middleware-core.ts": {"lines":{"total":52,"covered":0,"skipped":0,"pct":0},"functions":{"total":11,"covered":0,"skipped":0,"pct":0},"statements":{"total":54,"covered":0,"skipped":0,"pct":0},"branches":{"total":48,"covered":0,"skipped":0,"pct":0}}
,"/home/runner/work/sdk/sdk/packages/sdk/src/pagination.ts": {"lines":{"total":13,"covered":13,"skipped":0,"pct":100},"functions":{"total":2,"covered":2,"skipped":0,"pct":100},"statements":{"total":13,"covered":13,"skipped":0,"pct":100},"branches":{"total":19,"covered":19,"skipped":0,"pct":100}}
,"/home/runner/work/sdk/sdk/packages/sdk/src/plan.ts": {"lines":{"total":61,"covered":1,"skipped":0,"pct":1.63},"functions":{"total":9,"covered":0,"skipped":0,"pct":0},"statements":{"total":66,"covered":1,"skipped":0,"pct":1.51},"branches":{"total":61,"covered":0,"skipped":0,"pct":0}}
,"/home/runner/work/sdk/sdk/packages/sdk/src/rate-limit.ts": {"lines":{"total":87,"covered":4,"skipped":0,"pct":4.59},"functions":{"total":13,"covered":0,"skipped":0,"pct":0},"statements":{"total":91,"covered":4,"skipped":0,"pct":4.39},"branches":{"total":44,"covered":0,"skipped":0,"pct":0}}
,"/home/runner/work/sdk/sdk/packages/sdk/src/sdk.ts": {"lines":{"total":30,"covered":0,"skipped":0,"pct":0},"functions":{"total":16,"covered":0,"skipped":0,"pct":0},"statements":{"total":30,"covered":0,"skipped":0,"pct":0},"branches":{"total":11,"covered":0,"skipped":0,"pct":0}}
,"/home/runner/work/sdk/sdk/packages/sdk/src/session.ts": {"lines":{"total":18,"covered":18,"skipped":0,"pct":100},"functions":{"total":3,"covered":3,"skipped":0,"pct":100},"statements":{"total":18,"covered":18,"skipped":0,"pct":100},"branches":{"total":23,"covered":22,"skipped":0,"pct":95.65}}
,"/home/runner/work/sdk/sdk/packages/sdk/src/ssrf.ts": {"lines":{"total":27,"covered":26,"skipped":0,"pct":96.29},"functions":{"total":5,"covered":4,"skipped":0,"pct":80},"statements":{"total":30,"covered":27,"skipped":0,"pct":90},"branches":{"total":18,"covered":15,"skipped":0,"pct":83.33}}
,"/home/runner/work/sdk/sdk/packages/sdk/src/stripe.ts": {"lines":{"total":52,"covered":2,"skipped":0,"pct":3.84},"functions":{"total":12,"covered":0,"skipped":0,"pct":0},"statements":{"total":56,"covered":2,"skipped":0,"pct":3.57},"branches":{"total":27,"covered":0,"skipped":0,"pct":0}}
,"/home/runner/work/sdk/sdk/packages/sdk/src/types.ts": {"lines":{"total":19,"covered":8,"skipped":0,"pct":42.1},"functions":{"total":7,"covered":3,"skipped":0,"pct":42.85},"statements":{"total":19,"covered":8,"skipped":0,"pct":42.1},"branches":{"total":7,"covered":3,"skipped":0,"pct":42.85}}
,"/home/runner/work/sdk/sdk/packages/sdk/src/webhook.ts": {"lines":{"total":50,"covered":4,"skipped":0,"pct":8},"functions":{"total":11,"covered":0,"skipped":0,"pct":0},"statements":{"total":53,"covered":4,"skipped":0,"pct":7.54},"branches":{"total":34,"covered":0,"skipped":0,"pct":0}}
}
